01:06:28 (50695) DEBUG ConfigReader Loading config from stryker.conf.json
01:06:28 (50695) DEBUG ConfigReader Loaded config: {
  "$schema": "./node_modules/@stryker-mutator/core/schema/stryker-schema.json",
  "_comment": "\"checkers\": [],typescript \"tsconfigFile\": \"tsconfig.stryker.json\",",
  "mutate": [
    "src/**/*.ts",
    "!src/**/*.spec.ts",
    "!src/test.ts",
    "!src/environments/*.ts",
    "!src/**/*.module.ts",
    "!main.ts",
    "!cypress/**"
  ],
  "testRunner": "karma",
  "karma": {
    "configFile": "karma.conf.js",
    "projectType": "angular-cli",
    "config": {
      "browsers": [
        "ChromeHeadless"
      ]
    }
  },
  "reporters": [
    "progress",
    "clear-text",
    "html"
  ],
  "htmlReporter": {
    "fileName": "reports/mutation/mutation.all.html"
  },
  "concurrency": 1,
  "concurrency_comment": "Recommended to use about half of your available cores when running stryker with angular",
  "coverageAnalysis": "perTest",
  "timeoutFactor": 40,
  "fileLogLevel": "trace",
  "tempDirName": "stryker-tmp",
  "inPlace": true,
  "ignorePatterns": [
    "**",
    "!src/**/search.effects.ts"
  ],
  "allowConsoleColors": true,
  "checkers": [],
  "checkerNodeArgs": [],
  "maxTestRunnerReuse": 0,
  "commandRunner": {
    "command": "npm test"
  },
  "clearTextReporter": {
    "allowColor": true,
    "logTests": true,
    "maxTestsToLog": 3
  },
  "dashboard": {
    "baseUrl": "https://dashboard.stryker-mutator.io/api/reports",
    "reportType": "full"
  },
  "eventReporter": {
    "baseDir": "reports/mutation/events"
  },
  "ignoreStatic": false,
  "logLevel": "info",
  "maxConcurrentTestRunners": 9007199254740991,
  "mutator": {
    "plugins": null,
    "excludedMutations": []
  },
  "plugins": [
    "@stryker-mutator/*"
  ],
  "appendPlugins": [],
  "jsonReporter": {
    "fileName": "reports/mutation/mutation.json"
  },
  "disableTypeChecks": "{test,src,lib}/**/*.{js,ts,jsx,tsx,html,vue}",
  "symlinkNodeModules": true,
  "cleanTempDir": true,
  "testRunnerNodeArgs": [],
  "thresholds": {
    "high": 80,
    "low": 60,
    "break": null
  },
  "timeoutMS": 5000,
  "dryRunTimeoutMinutes": 5,
  "tsconfigFile": "tsconfig.json",
  "warnings": true,
  "disableBail": false
}
01:06:28 (50695) DEBUG PluginLoader Loading @stryker-mutator/* from /Users/bodo.teichmann/dev/learning/angular_buch/book-monkey/node_modules/@stryker-mutator
01:06:28 (50695) DEBUG PluginLoader Loading plugin "@stryker-mutator/karma-runner" (matched with expression @stryker-mutator/*)
01:06:28 (50695) DEBUG PluginLoader Loading plugin "@stryker-mutator/typescript-checker" (matched with expression @stryker-mutator/*)
01:06:28 (50695) DEBUG PluginLoader Loading plugin @stryker-mutator/karma-runner
01:06:28 (50695) DEBUG PluginLoader Loading plugin @stryker-mutator/typescript-checker
01:06:28 (50695) DEBUG PluginLoader Loading plugin file:///Users/bodo.teichmann/dev/learning/angular_buch/book-monkey/node_modules/@stryker-mutator/core/dist/src/reporters/index.js
01:06:28 (50695) DEBUG MetaSchemaBuilder Contributing 1 schemas from plugins to options validation.
01:06:28 (50695) WARN ProjectReader Glob pattern "!src/**/*.spec.ts" did not exclude any files.
01:06:28 (50695) WARN ProjectReader Glob pattern "!src/test.ts" did not exclude any files.
01:06:28 (50695) WARN ProjectReader Glob pattern "!src/environments/*.ts" did not exclude any files.
01:06:28 (50695) WARN ProjectReader Glob pattern "!src/**/*.module.ts" did not exclude any files.
01:06:28 (50695) WARN ProjectReader Glob pattern "!main.ts" did not exclude any files.
01:06:28 (50695) WARN ProjectReader Glob pattern "!cypress/**" did not exclude any files.
01:06:28 (50695) INFO ProjectReader Found 1 of 1 file(s) to be mutated.
01:06:28 (50695) DEBUG ProjectReader All input files: [
  "/Users/bodo.teichmann/dev/learning/angular_buch/book-monkey/src/app/search/search.effects.ts"
]
01:06:28 (50695) DEBUG ProjectReader Files to mutate: [
  "/Users/bodo.teichmann/dev/learning/angular_buch/book-monkey/src/app/search/search.effects.ts"
]
01:06:28 (50695) DEBUG TemporaryDirectory Using temp directory "/Users/bodo.teichmann/dev/learning/angular_buch/book-monkey/stryker-tmp"
01:06:28 (50695) DEBUG Instrumenter Instrumenting 1 source files with mutants
01:06:28 (50695) DEBUG Instrumenter Instrumented src/app/search/search.effects.ts (6 mutant(s))
01:06:28 (50695) INFO Instrumenter Instrumented 1 source file(s) with 6 mutant(s)
01:06:28 (50695) INFO ConcurrencyTokenProvider Creating 1 test runner process(es).
01:06:28 (50695) DEBUG ChildProcessProxy Started CheckerWorker in child process 50696
01:06:28 (50696) DEBUG PluginLoader Loading plugin @stryker-mutator/karma-runner
01:06:28 (50696) DEBUG PluginLoader Loading plugin @stryker-mutator/typescript-checker
01:06:28 (50696) DEBUG PluginLoader Loading plugin file:///Users/bodo.teichmann/dev/learning/angular_buch/book-monkey/node_modules/@stryker-mutator/core/dist/src/reporters/index.js
01:06:28 (50695) INFO Sandbox In place mode is enabled, Stryker will be overriding YOUR files. Find your backup at: stryker-tmp/backup8060742
01:06:28 (50695) DEBUG Sandbox Stored backup file at /Users/bodo.teichmann/dev/learning/angular_buch/book-monkey/stryker-tmp/backup8060742/src/app/search/search.effects.ts
01:06:28 (50695) DEBUG Sandbox Start symlink node_modules
01:06:28 (50695) DEBUG BroadcastReporter Broadcasting to reporters ["progress","clear-text","html"]
01:06:28 (50695) DEBUG ChildProcessProxy Started ChildProcessTestRunnerWorker in child process 50697
01:06:29 (50697) DEBUG PluginLoader Loading plugin @stryker-mutator/karma-runner
01:06:29 (50697) DEBUG PluginLoader Loading plugin @stryker-mutator/typescript-checker
01:06:29 (50697) DEBUG PluginLoader Loading plugin file:///Users/bodo.teichmann/dev/learning/angular_buch/book-monkey/node_modules/@stryker-mutator/core/dist/src/reporters/index.js
01:06:29 (50697) DEBUG AngularProjectStarter Starting Angular tests: ng test --progress=false --karma-config=/Users/bodo.teichmann/dev/learning/angular_buch/book-monkey/node_modules/@stryker-mutator/karma-runner/stryker-karma.conf.cjs
01:06:31 (50695) TRACE ChildProcessProxy [33m03 10 2022 01:06:31.004:WARN [karma-server]: [39m`autowatch` and `singleRun` are both `false`. In order to execute tests use `karma run`.

01:06:33 (50695) TRACE ChildProcessProxy 

01:06:33 (50695) TRACE ChildProcessProxy 🌼 daisyUI components 2.24.0  https://github.com/saadeghi/daisyui

01:06:33 (50695) TRACE ChildProcessProxy   ✔︎ Including:  base, components, themes[29], utilities

01:06:33 (50695) TRACE ChildProcessProxy   

01:06:34 (50695) TRACE ChildProcessProxy 
Error: src/app/search/search.effects.spec.ts:46:26 - error TS2339: Property 'pipe' does not exist on type 'EffectResult<Action> & CreateEffectMetadata'.
  Property 'pipe' does not exist on type '((...args: any[]) => Observable<Action>) & CreateEffectMetadata'.

46     effects.searchBooks$.pipe(toArray()).subscribe((actions) => {
                            ~~~~


Error: src/app/search/search.effects.spec.ts:46:53 - error TS7006: Parameter 'actions' implicitly has an 'any' type.

46     effects.searchBooks$.pipe(toArray()).subscribe((actions) => {
                                                       ~~~~~~~




01:06:34 (50695) TRACE ChildProcessProxy [32m03 10 2022 01:06:34.236:INFO [karma-server]: [39mKarma v6.3.20 server started at http://localhost:9877/

01:06:34 (50695) TRACE ChildProcessProxy [32m03 10 2022 01:06:34.236:INFO [launcher]: [39mLaunching browsers ChromeHeadless with concurrency unlimited

01:06:34 (50695) TRACE ChildProcessProxy [32m03 10 2022 01:06:34.238:INFO [launcher]: [39mStarting browser ChromeHeadless

01:06:34 (50695) TRACE ChildProcessProxy [32m03 10 2022 01:06:34.681:INFO [Chrome Headless 105.0.5195.125 (Mac OS 10.15.7)]: [39mConnected on socket crPeiRN7Q3Fx5uTRAAAB with id 46847141

01:06:34 (50695) INFO DryRunExecutor Starting initial test run (karma test runner with "perTest" coverage analysis). This may take a while.
01:06:34 (50695) DEBUG DryRunExecutor Using timeout of 300000 ms.
01:06:34 (50695) DEBUG TimeoutDecorator Starting timeout timer (300000 ms) for a test run
01:06:34 (50695) TRACE ChildProcessProxy [33m03 10 2022 01:06:34.719:WARN [web-server]: [39m404: /_karma_webpack_/main.js

01:06:34 (50695) TRACE ChildProcessProxy Chrome Headless 105.0.5195.125 (Mac OS 10.15.7): Executed 0 of 0[32m SUCCESS[39m (0 secs / 0 secs)

01:06:34 (50695) TRACE ChildProcessProxy [1A[2KChrome Headless 105.0.5195.125 (Mac OS 10.15.7): Executed 0 of 0[32m SUCCESS[39m (0.006 secs / 0 secs)

01:06:34 (50695) TRACE ChildProcessProxy [32mTOTAL: 0 SUCCESS[39m

01:06:34 (50695) INFO DryRunExecutor Initial test run succeeded. Ran 0 tests in 0 seconds (net 0 ms, overhead 57 ms).
01:06:34 (50695) DEBUG Stryker Not removing the temp dir because an error occurred
01:06:34 (50695) ERROR Stryker No tests were executed. Stryker will exit prematurely. Please check your configuration.
01:06:34 (50695) TRACE ChildProcessProxy [33m03 10 2022 01:06:34.810:WARN [Chrome Headless 105.0.5195.125 (Mac OS 10.15.7)]: [39mDisconnected (0 times) Client disconnected from CONNECTED state (transport close)

01:06:34 (50695) TRACE ChildProcessProxy [1A[2K[31mChrome Headless 105.0.5195.125 (Mac OS 10.15.7) ERROR[39m
  Disconnected Client disconnected from CONNECTED state (transport close)
Chrome Headless 105.0.5195.125 (Mac OS 10.15.7): Executed 0 of 0[32m SUCCESS[39m (0.006 secs / 0 secs)
Chrome Headless 105.0.5195.125 (Mac OS 10.15.7) ERROR
  Disconnected Client disconnected from CONNECTED state (transport close)

01:06:35 (50695) DEBUG ChildProcessProxy Disposing of worker process 50697
01:06:35 (50695) DEBUG ChildProcessProxy Kill 50697
01:06:35 (50695) INFO Sandbox Resetting your original files from stryker-tmp/backup8060742.
01:06:35 (50695) DEBUG ChildProcessProxy Disposing of worker process 50696
01:06:35 (50695) DEBUG ChildProcessProxy Kill 50696
